[17:39:03] [ServerMain/INFO]: Environment: authHost='https://authserver.mojang.com', accountsHost='https://api.mojang.com', sessionHost='https://sessionserver.mojang.com', servicesHost='https://api.minecraftservices.com', name='PROD'
[17:39:04] [ServerMain/WARN]: Ambiguity between arguments [teleport, location] and [teleport, destination] with inputs: [0.1 -0.5 .9, 0 0 0]
[17:39:04] [ServerMain/WARN]: Ambiguity between arguments [teleport, location] and [teleport, targets] with inputs: [0.1 -0.5 .9, 0 0 0]
[17:39:04] [ServerMain/WARN]: Ambiguity between arguments [teleport, destination] and [teleport, targets] with inputs: [Player, 0123, @e, dd12be42-52a9-4a91-a8a1-11c01849e498]
[17:39:04] [ServerMain/WARN]: Ambiguity between arguments [teleport, targets] and [teleport, destination] with inputs: [Player, 0123, dd12be42-52a9-4a91-a8a1-11c01849e498]
[17:39:04] [ServerMain/WARN]: Ambiguity between arguments [teleport, targets, location] and [teleport, targets, destination] with inputs: [0.1 -0.5 .9, 0 0 0]
[17:39:05] [ServerMain/INFO]: Reloading ResourceManager: Default
[17:39:05] [Worker-Main-19/INFO]: Loaded 7 recipes
[17:39:06] [Worker-Main-19/INFO]: Loaded 1141 advancements
[17:39:11] [Server thread/INFO]: Starting minecraft server version 1.18
[17:39:11] [Server thread/INFO]: Loading properties
[17:39:11] [Server thread/INFO]: Default game type: SURVIVAL
[17:39:11] [Server thread/INFO]: Generating keypair
[17:39:11] [Server thread/INFO]: Starting Minecraft server on *:25565
[17:39:11] [Server thread/INFO]: Using epoll channel type
[17:39:12] [Server thread/INFO]: Preparing level "world"
[17:39:12] [Server thread/INFO]: Preparing start region for dimension minecraft:overworld
[17:39:13] [Worker-Main-19/INFO]: Preparing spawn area: 0%
[17:39:13] [Worker-Main-16/INFO]: Preparing spawn area: 0%
[17:39:13] [Worker-Main-28/INFO]: Preparing spawn area: 0%
[17:39:13] [Worker-Main-30/INFO]: Preparing spawn area: 0%
[17:39:14] [Worker-Main-30/INFO]: Preparing spawn area: 0%
[17:39:14] [Worker-Main-24/INFO]: Preparing spawn area: 0%
[17:39:15] [Worker-Main-16/INFO]: Preparing spawn area: 0%
[17:39:15] [Worker-Main-19/INFO]: Preparing spawn area: 0%
[17:39:16] [Worker-Main-20/INFO]: Preparing spawn area: 0%
[17:39:19] [Worker-Main-24/INFO]: Preparing spawn area: 0%
[17:39:19] [Worker-Main-24/INFO]: Preparing spawn area: 0%
[17:39:19] [Worker-Main-24/INFO]: Preparing spawn area: 0%
[17:39:19] [Worker-Main-24/INFO]: Preparing spawn area: 0%
[17:39:19] [Worker-Main-30/INFO]: Preparing spawn area: 0%
[17:39:19] [Worker-Main-27/INFO]: Preparing spawn area: 0%
[17:39:19] [Worker-Main-27/INFO]: Preparing spawn area: 43%
[17:39:20] [Worker-Main-26/INFO]: Preparing spawn area: 82%
[17:39:21] [Worker-Main-26/INFO]: Preparing spawn area: 97%
[17:39:21] [Worker-Main-20/INFO]: Preparing spawn area: 98%
[17:39:21] [Server thread/INFO]: Time elapsed: 9401 ms
[17:39:21] [Server thread/INFO]: Done (9.588s)! For help, type "help"
[17:39:32] [User Authenticator #1/INFO]: UUID of player Aryae21 is b6160f48-0097-48d6-b319-c27f647234cf
[17:39:32] [Server thread/INFO]: Aryae21[/73.149.105.4:59694] logged in with entity id 102 at (723.9235378544582, 69.0, 111.40127190827413)
[17:39:32] [Server thread/INFO]: Aryae21 joined the game
[17:39:42] [Server thread/INFO]: [Aryae21: Gamerule playersSleepingPercentage is now set to: 10]
[17:40:06] [User Authenticator #2/INFO]: UUID of player kroberts11 is c844151a-704b-4ffe-8bc6-e194ae2b0fbd
[17:40:06] [Server thread/INFO]: kroberts11[/127.0.0.1:56430] logged in with entity id 371 at (684.5889572514533, 102.0, 104.21679409241162)
[17:40:06] [Server thread/INFO]: kroberts11 joined the game
[17:42:33] [Server thread/INFO]: Aryae21 has made the advancement [Stone Age]
