[06:02:27] [main/INFO]: Environment: authHost='https://authserver.mojang.com', accountsHost='https://api.mojang.com', sessionHost='https://sessionserver.mojang.com', name='PROD'
[06:02:29] [main/WARN]: Ambiguity between arguments [teleport, destination] and [teleport, targets] with inputs: [Player, 0123, @e, dd12be42-52a9-4a91-a8a1-11c01849e498]
[06:02:29] [main/WARN]: Ambiguity between arguments [teleport, location] and [teleport, destination] with inputs: [0.1 -0.5 .9, 0 0 0]
[06:02:29] [main/WARN]: Ambiguity between arguments [teleport, location] and [teleport, targets] with inputs: [0.1 -0.5 .9, 0 0 0]
[06:02:29] [main/WARN]: Ambiguity between arguments [teleport, targets] and [teleport, destination] with inputs: [Player, 0123, dd12be42-52a9-4a91-a8a1-11c01849e498]
[06:02:29] [main/WARN]: Ambiguity between arguments [teleport, targets, location] and [teleport, targets, destination] with inputs: [0.1 -0.5 .9, 0 0 0]
[06:02:29] [main/INFO]: Reloading ResourceManager: Default
[06:02:31] [Worker-Main-2/INFO]: Loaded 7 recipes
[06:02:31] [Worker-Main-2/INFO]: Loaded 927 advancements
[06:02:35] [Server thread/INFO]: Starting minecraft server version 1.16.2
[06:02:35] [Server thread/INFO]: Loading properties
[06:02:35] [Server thread/INFO]: Default game type: SURVIVAL
[06:02:35] [Server thread/INFO]: Generating keypair
[06:02:35] [Server thread/INFO]: Starting Minecraft server on *:25565
[06:02:35] [Server thread/INFO]: Using epoll channel type
[06:02:36] [Server thread/INFO]: Preparing level "world"
[06:02:36] [Server thread/INFO]: Preparing start region for dimension minecraft:overworld
[06:02:39] [Server thread/INFO]: Preparing spawn area: 0%
[06:02:39] [Server thread/INFO]: Preparing spawn area: 0%
[06:02:39] [Server thread/INFO]: Preparing spawn area: 0%
[06:02:39] [Server thread/INFO]: Preparing spawn area: 0%
[06:02:39] [Server thread/INFO]: Preparing spawn area: 0%
[06:02:39] [Server thread/INFO]: Preparing spawn area: 0%
[06:02:39] [Server thread/INFO]: Preparing spawn area: 0%
[06:02:39] [Worker-Main-3/INFO]: Preparing spawn area: 0%
[06:02:40] [Server thread/INFO]: Preparing spawn area: 20%
[06:02:49] [Worker-Main-3/INFO]: Preparing spawn area: 45%
[06:02:50] [Server thread/INFO]: Preparing spawn area: 45%
[06:02:50] [Server thread/INFO]: Preparing spawn area: 45%
[06:02:50] [Server thread/INFO]: Preparing spawn area: 45%
[06:02:50] [Server thread/INFO]: Preparing spawn area: 45%
[06:02:50] [Server thread/INFO]: Preparing spawn area: 45%
[06:02:50] [Server thread/INFO]: Preparing spawn area: 45%
[06:02:50] [Server thread/INFO]: Preparing spawn area: 45%
[06:02:50] [Server thread/INFO]: Preparing spawn area: 45%
[06:02:50] [Server thread/INFO]: Preparing spawn area: 45%
[06:02:50] [Server thread/INFO]: Preparing spawn area: 45%
[06:02:50] [Server thread/INFO]: Preparing spawn area: 45%
[06:02:50] [Server thread/INFO]: Preparing spawn area: 45%
[06:02:50] [Worker-Main-3/INFO]: Preparing spawn area: 45%
[06:02:50] [Server thread/INFO]: Preparing spawn area: 45%
[06:02:50] [Worker-Main-3/INFO]: Preparing spawn area: 45%
[06:02:50] [Server thread/INFO]: Preparing spawn area: 45%
[06:02:50] [Server thread/INFO]: Preparing spawn area: 45%
[06:02:50] [Server thread/INFO]: Preparing spawn area: 45%
[06:02:50] [Server thread/INFO]: Preparing spawn area: 67%
[06:02:51] [Worker-Main-3/INFO]: Preparing spawn area: 95%
[06:02:51] [Worker-Main-3/INFO]: Preparing spawn area: 95%
[06:02:52] [Worker-Main-3/INFO]: Preparing spawn area: 95%
[06:02:52] [Worker-Main-3/INFO]: Preparing spawn area: 95%
[06:02:52] [Worker-Main-3/INFO]: Preparing spawn area: 95%
[06:02:53] [Server thread/INFO]: Preparing spawn area: 96%
[06:02:53] [Worker-Main-3/INFO]: Preparing spawn area: 96%
[06:02:54] [Worker-Main-3/INFO]: Preparing spawn area: 97%
[06:02:55] [Worker-Main-3/INFO]: Preparing spawn area: 97%
[06:02:55] [Server thread/INFO]: Preparing spawn area: 98%
[06:02:55] [Worker-Main-3/INFO]: Preparing spawn area: 99%
[06:02:56] [Server thread/INFO]: Time elapsed: 20320 ms
[06:02:56] [Server thread/INFO]: Done (20.572s)! For help, type "help"
[06:03:35] [User Authenticator #1/INFO]: UUID of player kroberts11 is c844151a-704b-4ffe-8bc6-e194ae2b0fbd
[06:03:36] [Server thread/INFO]: kroberts11[/174.61.153.133:7735] logged in with entity id 127 at (-807.7574736387734, 80.0, 1075.8503334239279)
[06:03:36] [Server thread/INFO]: kroberts11 joined the game
[06:03:39] [Server thread/WARN]: Can't keep up! Is the server overloaded? Running 2036ms or 40 ticks behind
[06:04:04] [Server thread/WARN]: Can't keep up! Is the server overloaded? Running 10345ms or 206 ticks behind
[06:07:18] [Server thread/INFO]: [kroberts11: Set own game mode to Creative Mode]
[06:08:12] [Server thread/WARN]: kroberts11 moved too quickly! 1.9652881216592277,-3.7499927900579593,9.436538655269715
[06:08:12] [Server thread/WARN]: Can't keep up! Is the server overloaded? Running 3095ms or 61 ticks behind
[06:13:14] [Server thread/WARN]: kroberts11 moved too quickly! 6.488457513362164,0.0,7.762072895447091
[06:13:14] [Server thread/WARN]: Can't keep up! Is the server overloaded? Running 2045ms or 40 ticks behind
[06:14:50] [Server thread/INFO]: kroberts11 lost connection: Disconnected
[06:14:50] [Server thread/INFO]: kroberts11 left the game
